<?xml version="1.0" encoding="UTF-8"?>
<!-- Generated by org.testng.reporters.JUnitReportReporter -->
<testsuite hostname="DESKTOP-4M6F8DF" failures="0" tests="1" name="test.Ps1" time="0.011" errors="0" timestamp="2024-08-03T23:42:30 IST" skipped="0">
  <testcase classname="test.Ps1" name="testRun" time="0.011"/>
  <system-out/>
</testsuite> <!-- test.Ps1 -->
