<?xml version="1.0" encoding="UTF-8"?>
<!-- Generated by org.testng.reporters.JUnitReportReporter -->
<testsuite hostname="DESKTOP-4M6F8DF" failures="0" tests="2" name="test.Day2" time="0.008" errors="0" timestamp="2024-08-03T23:20:28 IST" skipped="0">
  <testcase classname="test.Day2" name="SecondTest2" time="0.003"/>
  <system-out/>
  <testcase classname="test.Day2" name="Demo2" time="0.005"/>
  <system-out/>
</testsuite> <!-- test.Day2 -->
