<?xml version="1.0" encoding="UTF-8"?>
<!-- Generated by org.testng.reporters.JUnitReportReporter -->
<testsuite hostname="DESKTOP-4M6F8DF" failures="0" tests="7" name="test.Day4" time="0.013" errors="0" timestamp="2024-08-03T23:20:28 IST" skipped="1">
  <testcase classname="test.Day4" name="TabloginCarLone1" time="0.002"/>
  <system-out/>
  <testcase classname="test.Day4" name="TabloginCarLone" time="0.002"/>
  <system-out/>
  <testcase classname="test.Day4" name="testMethod2" time="0.002"/>
  <system-out/>
  <testcase classname="test.Day4" name="MobileloginCarLone1" time="0.002"/>
  <system-out/>
  <testcase classname="test.Day4" name="WebloginCarLone" time="0.002"/>
  <system-out/>
  <testcase classname="test.Day4" name="testMethod1" time="0.003"/>
  <system-out/>
  <testcase classname="test.Day4" name="MobileloginCarLone">
    <skipped/>
  </testcase> <!-- MobileloginCarLone -->
  <system-out/>
</testsuite> <!-- test.Day4 -->
