<?xml version="1.0" encoding="UTF-8"?>
<!-- Generated by org.testng.reporters.JUnitReportReporter -->
<testsuite hostname="DESKTOP-4M6F8DF" failures="0" tests="3" name="test.Day3" time="0.003" errors="0" timestamp="2024-08-03T23:20:28 IST" skipped="0">
  <testcase classname="test.Day3" name="MobileloginHomeLone" time="0.001"/>
  <system-out/>
  <testcase classname="test.Day3" name="WebloginHomeLone" time="0.001"/>
  <system-out/>
  <testcase classname="test.Day3" name="APIloginHomeLone" time="0.001"/>
  <system-out/>
</testsuite> <!-- test.Day3 -->
